C:\Users\John Tan\Desktop\astralgamer-FinalProject-35006c9\vc10\Debug\cl.command.1.tlog
C:\Users\John Tan\Desktop\astralgamer-FinalProject-35006c9\vc10\Debug\CL.read.1.tlog
C:\Users\John Tan\Desktop\astralgamer-FinalProject-35006c9\vc10\Debug\CL.write.1.tlog
C:\USERS\JOHN TAN\DESKTOP\ASTRALGAMER-FINALPROJECT-35006C9\VC10\DEBUG\ENEMYBULLET.OBJ
C:\USERS\JOHN TAN\DESKTOP\ASTRALGAMER-FINALPROJECT-35006C9\VC10\DEBUG\ENEMYGUN.OBJ
C:\USERS\JOHN TAN\DESKTOP\ASTRALGAMER-FINALPROJECT-35006C9\VC10\DEBUG\ENEMYSHIP.OBJ
C:\USERS\JOHN TAN\DESKTOP\ASTRALGAMER-FINALPROJECT-35006C9\VC10\DEBUG\ENEMYSHIP1.OBJ
C:\USERS\JOHN TAN\DESKTOP\ASTRALGAMER-FINALPROJECT-35006C9\VC10\DEBUG\ENEMYSHIP2.OBJ
C:\USERS\JOHN TAN\DESKTOP\ASTRALGAMER-FINALPROJECT-35006C9\VC10\DEBUG\ENEMYSHIP3.OBJ
C:\USERS\JOHN TAN\DESKTOP\ASTRALGAMER-FINALPROJECT-35006C9\VC10\DEBUG\ENEMYSHIP4.OBJ
C:\USERS\JOHN TAN\DESKTOP\ASTRALGAMER-FINALPROJECT-35006C9\VC10\DEBUG\ENEMYSHIP5.OBJ
C:\USERS\JOHN TAN\DESKTOP\ASTRALGAMER-FINALPROJECT-35006C9\VC10\DEBUG\ENEMYSHIP6.OBJ
C:\USERS\JOHN TAN\DESKTOP\ASTRALGAMER-FINALPROJECT-35006C9\VC10\DEBUG\ENEMYSHIP7.OBJ
C:\USERS\JOHN TAN\DESKTOP\ASTRALGAMER-FINALPROJECT-35006C9\VC10\DEBUG\EXPLODE.OBJ
C:\USERS\JOHN TAN\DESKTOP\ASTRALGAMER-FINALPROJECT-35006C9\VC10\DEBUG\FINALPROJECTAPP.EXE
C:\USERS\JOHN TAN\DESKTOP\ASTRALGAMER-FINALPROJECT-35006C9\VC10\DEBUG\FINALPROJECTAPP.EXE.EMBED.MANIFEST
C:\USERS\JOHN TAN\DESKTOP\ASTRALGAMER-FINALPROJECT-35006C9\VC10\DEBUG\FINALPROJECTAPP.EXE.EMBED.MANIFEST.RES
C:\USERS\JOHN TAN\DESKTOP\ASTRALGAMER-FINALPROJECT-35006C9\VC10\DEBUG\FINALPROJECTAPP.EXE.INTERMEDIATE.MANIFEST
C:\USERS\JOHN TAN\DESKTOP\ASTRALGAMER-FINALPROJECT-35006C9\VC10\DEBUG\FINALPROJECTAPP.ILK
C:\USERS\JOHN TAN\DESKTOP\ASTRALGAMER-FINALPROJECT-35006C9\VC10\DEBUG\FINALPROJECTAPP.OBJ
C:\USERS\JOHN TAN\DESKTOP\ASTRALGAMER-FINALPROJECT-35006C9\VC10\DEBUG\FINALPROJECTAPP.PDB
C:\Users\John Tan\Desktop\astralgamer-FinalProject-35006c9\vc10\Debug\FinalProjectApp.write.1.tlog
C:\Users\John Tan\Desktop\astralgamer-FinalProject-35006c9\vc10\Debug\FinalProjectApp_manifest.rc
C:\Users\John Tan\Desktop\astralgamer-FinalProject-35006c9\vc10\Debug\link.3816.read.1.tlog
C:\Users\John Tan\Desktop\astralgamer-FinalProject-35006c9\vc10\Debug\link.3816.read.2.tlog
C:\Users\John Tan\Desktop\astralgamer-FinalProject-35006c9\vc10\Debug\link.3816.write.1.tlog
C:\Users\John Tan\Desktop\astralgamer-FinalProject-35006c9\vc10\Debug\link.3816-cvtres.read.1.tlog
C:\Users\John Tan\Desktop\astralgamer-FinalProject-35006c9\vc10\Debug\link.3816-cvtres.write.1.tlog
C:\Users\John Tan\Desktop\astralgamer-FinalProject-35006c9\vc10\Debug\link.command.1.tlog
C:\Users\John Tan\Desktop\astralgamer-FinalProject-35006c9\vc10\Debug\link.read.1.tlog
C:\Users\John Tan\Desktop\astralgamer-FinalProject-35006c9\vc10\Debug\link.read.2.tlog
C:\Users\John Tan\Desktop\astralgamer-FinalProject-35006c9\vc10\Debug\link.write.1.tlog
C:\Users\John Tan\Desktop\astralgamer-FinalProject-35006c9\vc10\Debug\link-cvtres.read.1.tlog
C:\Users\John Tan\Desktop\astralgamer-FinalProject-35006c9\vc10\Debug\link-cvtres.write.1.tlog
C:\USERS\JOHN TAN\DESKTOP\ASTRALGAMER-FINALPROJECT-35006C9\VC10\DEBUG\MAINSCENE.OBJ
C:\Users\John Tan\Desktop\astralgamer-FinalProject-35006c9\vc10\Debug\mt.command.1.tlog
C:\Users\John Tan\Desktop\astralgamer-FinalProject-35006c9\vc10\Debug\mt.read.1.tlog
C:\Users\John Tan\Desktop\astralgamer-FinalProject-35006c9\vc10\Debug\mt.write.1.tlog
C:\USERS\JOHN TAN\DESKTOP\ASTRALGAMER-FINALPROJECT-35006C9\VC10\DEBUG\PLAYERBULLET.OBJ
C:\USERS\JOHN TAN\DESKTOP\ASTRALGAMER-FINALPROJECT-35006C9\VC10\DEBUG\PLAYERGUN1.OBJ
C:\USERS\JOHN TAN\DESKTOP\ASTRALGAMER-FINALPROJECT-35006C9\VC10\DEBUG\PLAYERSHIP.OBJ
C:\Users\John Tan\Desktop\astralgamer-FinalProject-35006c9\vc10\Debug\rc.command.1.tlog
C:\Users\John Tan\Desktop\astralgamer-FinalProject-35006c9\vc10\Debug\rc.read.1.tlog
C:\Users\John Tan\Desktop\astralgamer-FinalProject-35006c9\vc10\Debug\rc.write.1.tlog
C:\USERS\JOHN TAN\DESKTOP\ASTRALGAMER-FINALPROJECT-35006C9\VC10\DEBUG\RESOURCES.RES
C:\USERS\JOHN TAN\DESKTOP\ASTRALGAMER-FINALPROJECT-35006C9\VC10\DEBUG\SOUNDPLAYER.OBJ
C:\Users\John Tan\Desktop\astralgamer-FinalProject-35006c9\vc10\Debug\vc100.idb
C:\USERS\JOHN TAN\DESKTOP\ASTRALGAMER-FINALPROJECT-35006C9\VC10\DEBUG\VC100.PDB
