Build started 3/23/2012 1:55:34 AM.
     1>Project "C:\Users\John Tan\Desktop\FinalProject\vc10\FinalProjectApp.vcxproj" on node 2 (build target(s)).
     1>InitializeBuildStatus:
         Creating "Debug\FinalProjectApp.unsuccessfulbuild" because "AlwaysCreate" was specified.
       ClCompile:
         C:\Program Files (x86)\Microsoft Visual Studio 10.0\VC\bin\CL.exe /c /I..\include /Ic:\cinder_0.8.3_vc2010\include /Ic:\cinder_0.8.3_vc2010\boost /Zi /nologo /W3 /WX- /Od /Oy- /D WIN32 /D _DEBUG /D _WINDOWS /D _UNICODE /D UNICODE /Gm /EHsc /RTC1 /MTd /GS /fp:precise /Zc:wchar_t /Zc:forScope /Fo"Debug\\" /Fd"Debug\vc100.pdb" /Gd /TP /analyze- /errorReport:prompt ..\src\EnemyBullet.cpp ..\src\EnemyGun.cpp ..\src\EnemyShip.cpp ..\src\EnemyShip1.cpp ..\src\EnemyShip2.cpp ..\src\EnemyShip3.cpp ..\src\EnemyShip4.cpp ..\src\EnemyShip5.cpp ..\src\EnemyShip6.cpp ..\src\EnemyShip7.cpp ..\src\Explode.cpp ..\src\FinalProjectApp.cpp ..\src\MainScene.cpp ..\src\PlayerBullet.cpp ..\src\PlayerGun1.cpp ..\src\PlayerShip.cpp ..\src\SoundPlayer.cpp
         SoundPlayer.cpp
         PlayerShip.cpp
     1>c:\users\john tan\desktop\finalproject\include\PlayerGun.hpp(31): warning C4018: '<' : signed/unsigned mismatch
         PlayerGun1.cpp
     1>c:\users\john tan\desktop\finalproject\include\PlayerGun.hpp(31): warning C4018: '<' : signed/unsigned mismatch
     1>..\src\PlayerGun1.cpp(19): warning C4244: 'argument' : conversion from 'double' to 'float', possible loss of data
     1>..\src\PlayerGun1.cpp(19): warning C4244: 'argument' : conversion from 'double' to 'float', possible loss of data
     1>..\src\PlayerGun1.cpp(23): warning C4244: 'argument' : conversion from 'double' to 'float', possible loss of data
     1>..\src\PlayerGun1.cpp(23): warning C4244: 'argument' : conversion from 'double' to 'float', possible loss of data
     1>..\src\PlayerGun1.cpp(24): warning C4244: 'argument' : conversion from 'double' to 'float', possible loss of data
     1>..\src\PlayerGun1.cpp(24): warning C4244: 'argument' : conversion from 'double' to 'float', possible loss of data
     1>..\src\PlayerGun1.cpp(25): warning C4244: 'argument' : conversion from 'double' to 'float', possible loss of data
     1>..\src\PlayerGun1.cpp(25): warning C4244: 'argument' : conversion from 'double' to 'float', possible loss of data
     1>..\src\PlayerGun1.cpp(29): warning C4244: 'argument' : conversion from 'double' to 'float', possible loss of data
     1>..\src\PlayerGun1.cpp(29): warning C4244: 'argument' : conversion from 'double' to 'float', possible loss of data
     1>..\src\PlayerGun1.cpp(30): warning C4244: 'argument' : conversion from 'double' to 'float', possible loss of data
     1>..\src\PlayerGun1.cpp(30): warning C4244: 'argument' : conversion from 'double' to 'float', possible loss of data
     1>..\src\PlayerGun1.cpp(31): warning C4244: 'argument' : conversion from 'double' to 'float', possible loss of data
     1>..\src\PlayerGun1.cpp(31): warning C4244: 'argument' : conversion from 'double' to 'float', possible loss of data
     1>..\src\PlayerGun1.cpp(32): warning C4244: 'argument' : conversion from 'double' to 'float', possible loss of data
     1>..\src\PlayerGun1.cpp(32): warning C4244: 'argument' : conversion from 'double' to 'float', possible loss of data
     1>..\src\PlayerGun1.cpp(33): warning C4244: 'argument' : conversion from 'double' to 'float', possible loss of data
     1>..\src\PlayerGun1.cpp(33): warning C4244: 'argument' : conversion from 'double' to 'float', possible loss of data
     1>..\src\PlayerGun1.cpp(34): warning C4244: 'argument' : conversion from 'double' to 'float', possible loss of data
     1>..\src\PlayerGun1.cpp(34): warning C4244: 'argument' : conversion from 'double' to 'float', possible loss of data
     1>..\src\PlayerGun1.cpp(35): warning C4244: 'argument' : conversion from 'double' to 'float', possible loss of data
     1>..\src\PlayerGun1.cpp(35): warning C4244: 'argument' : conversion from 'double' to 'float', possible loss of data
     1>..\src\PlayerGun1.cpp(41): warning C4018: '<' : signed/unsigned mismatch
     1>..\src\PlayerGun1.cpp(46): warning C4244: 'argument' : conversion from 'double' to 'float', possible loss of data
     1>..\src\PlayerGun1.cpp(46): warning C4244: 'argument' : conversion from 'double' to 'float', possible loss of data
     1>..\src\PlayerGun1.cpp(55): warning C4018: '<' : signed/unsigned mismatch
     1>..\src\PlayerGun1.cpp(62): warning C4018: '<' : signed/unsigned mismatch
         PlayerBullet.cpp
     1>c:\users\john tan\desktop\finalproject\include\PlayerGun.hpp(31): warning C4018: '<' : signed/unsigned mismatch
     1>c:\users\john tan\desktop\finalproject\include\PauseScene.hpp(52): warning C4244: 'argument' : conversion from 'int' to 'float', possible loss of data
     1>c:\users\john tan\desktop\finalproject\include\PauseScene.hpp(52): warning C4244: 'argument' : conversion from 'int' to 'float', possible loss of data
     1>c:\users\john tan\desktop\finalproject\include\PauseScene.hpp(57): warning C4244: 'argument' : conversion from 'GLint' to 'float', possible loss of data
     1>c:\users\john tan\desktop\finalproject\include\PauseScene.hpp(58): warning C4244: 'argument' : conversion from 'GLint' to 'float', possible loss of data
     1>c:\users\john tan\desktop\finalproject\include\PauseScene.hpp(59): warning C4244: 'argument' : conversion from 'GLint' to 'float', possible loss of data
     1>c:\users\john tan\desktop\finalproject\include\PauseScene.hpp(63): warning C4244: 'argument' : conversion from 'GLint' to 'float', possible loss of data
     1>c:\users\john tan\desktop\finalproject\include\PauseScene.hpp(66): warning C4244: 'argument' : conversion from 'GLint' to 'float', possible loss of data
     1>c:\users\john tan\desktop\finalproject\include\PauseScene.hpp(69): warning C4244: 'argument' : conversion from 'GLint' to 'float', possible loss of data
     1>C:\Users\John Tan\Desktop\FinalProject\include\MainScene.hpp(46): warning C4355: 'this' : used in base member initializer list
     1>..\src\PlayerBullet.cpp(45): warning C4244: 'argument' : conversion from 'double' to 'float', possible loss of data
     1>..\src\PlayerBullet.cpp(45): warning C4244: 'argument' : conversion from 'double' to 'float', possible loss of data
     1>..\src\PlayerBullet.cpp(48): warning C4244: 'argument' : conversion from 'int' to 'float', possible loss of data
     1>..\src\PlayerBullet.cpp(48): warning C4244: 'argument' : conversion from 'int' to 'float', possible loss of data
     1>..\src\PlayerBullet.cpp(48): warning C4244: 'argument' : conversion from 'double' to 'float', possible loss of data
     1>..\src\PlayerBullet.cpp(48): warning C4244: 'argument' : conversion from 'double' to 'float', possible loss of data
         MainScene.cpp
     1>c:\users\john tan\desktop\finalproject\include\PauseScene.hpp(52): warning C4244: 'argument' : conversion from 'int' to 'float', possible loss of data
     1>c:\users\john tan\desktop\finalproject\include\PauseScene.hpp(52): warning C4244: 'argument' : conversion from 'int' to 'float', possible loss of data
     1>c:\users\john tan\desktop\finalproject\include\PauseScene.hpp(57): warning C4244: 'argument' : conversion from 'GLint' to 'float', possible loss of data
     1>c:\users\john tan\desktop\finalproject\include\PauseScene.hpp(58): warning C4244: 'argument' : conversion from 'GLint' to 'float', possible loss of data
     1>c:\users\john tan\desktop\finalproject\include\PauseScene.hpp(59): warning C4244: 'argument' : conversion from 'GLint' to 'float', possible loss of data
     1>c:\users\john tan\desktop\finalproject\include\PauseScene.hpp(63): warning C4244: 'argument' : conversion from 'GLint' to 'float', possible loss of data
     1>c:\users\john tan\desktop\finalproject\include\PauseScene.hpp(66): warning C4244: 'argument' : conversion from 'GLint' to 'float', possible loss of data
     1>c:\users\john tan\desktop\finalproject\include\PauseScene.hpp(69): warning C4244: 'argument' : conversion from 'GLint' to 'float', possible loss of data
     1>c:\users\john tan\desktop\finalproject\include\PlayerGun.hpp(31): warning C4018: '<' : signed/unsigned mismatch
     1>C:\Users\John Tan\Desktop\FinalProject\include\MainScene.hpp(46): warning C4355: 'this' : used in base member initializer list
     1>..\src\MainScene.cpp(20): warning C4244: 'argument' : conversion from 'int' to 'float', possible loss of data
     1>..\src\MainScene.cpp(20): warning C4244: 'argument' : conversion from 'int' to 'float', possible loss of data
     1>..\src\MainScene.cpp(22): warning C4018: '<' : signed/unsigned mismatch
     1>..\src\MainScene.cpp(25): warning C4305: '=' : truncation from 'double' to 'float'
     1>..\src\MainScene.cpp(50): warning C4018: '<' : signed/unsigned mismatch
     1>..\src\MainScene.cpp(56): warning C4018: '<' : signed/unsigned mismatch
     1>..\src\MainScene.cpp(76): warning C4244: '=' : conversion from 'int' to 'float', possible loss of data
     1>..\src\MainScene.cpp(78): warning C4244: '=' : conversion from 'int' to 'float', possible loss of data
     1>..\src\MainScene.cpp(80): warning C4244: '=' : conversion from 'int' to 'float', possible loss of data
     1>..\src\MainScene.cpp(94): warning C4244: '=' : conversion from 'int' to 'float', possible loss of data
     1>..\src\MainScene.cpp(141): warning C4244: 'argument' : conversion from 'int' to 'float', possible loss of data
     1>..\src\MainScene.cpp(148): warning C4244: 'argument' : conversion from 'int' to 'float', possible loss of data
     1>..\src\MainScene.cpp(155): warning C4244: 'argument' : conversion from 'int' to 'float', possible loss of data
     1>..\src\MainScene.cpp(162): warning C4244: 'argument' : conversion from 'int' to 'float', possible loss of data
     1>..\src\MainScene.cpp(169): warning C4244: 'argument' : conversion from 'int' to 'float', possible loss of data
         FinalProjectApp.cpp
     1>c:\users\john tan\desktop\finalproject\include\PauseScene.hpp(52): warning C4244: 'argument' : conversion from 'int' to 'float', possible loss of data
     1>c:\users\john tan\desktop\finalproject\include\PauseScene.hpp(52): warning C4244: 'argument' : conversion from 'int' to 'float', possible loss of data
     1>c:\users\john tan\desktop\finalproject\include\PauseScene.hpp(57): warning C4244: 'argument' : conversion from 'GLint' to 'float', possible loss of data
     1>c:\users\john tan\desktop\finalproject\include\PauseScene.hpp(58): warning C4244: 'argument' : conversion from 'GLint' to 'float', possible loss of data
     1>c:\users\john tan\desktop\finalproject\include\PauseScene.hpp(59): warning C4244: 'argument' : conversion from 'GLint' to 'float', possible loss of data
     1>c:\users\john tan\desktop\finalproject\include\PauseScene.hpp(63): warning C4244: 'argument' : conversion from 'GLint' to 'float', possible loss of data
     1>c:\users\john tan\desktop\finalproject\include\PauseScene.hpp(66): warning C4244: 'argument' : conversion from 'GLint' to 'float', possible loss of data
     1>c:\users\john tan\desktop\finalproject\include\PauseScene.hpp(69): warning C4244: 'argument' : conversion from 'GLint' to 'float', possible loss of data
     1>c:\users\john tan\desktop\finalproject\include\PlayerGun.hpp(31): warning C4018: '<' : signed/unsigned mismatch
     1>C:\Users\John Tan\Desktop\FinalProject\include\MainScene.hpp(46): warning C4355: 'this' : used in base member initializer list
     1>C:\Users\John Tan\Desktop\FinalProject\include\EnterScene.hpp(114): warning C4244: 'argument' : conversion from 'int' to 'float', possible loss of data
     1>C:\Users\John Tan\Desktop\FinalProject\include\EnterScene.hpp(114): warning C4244: 'argument' : conversion from 'int' to 'float', possible loss of data
     1>C:\Users\John Tan\Desktop\FinalProject\include\EnterScene.hpp(116): warning C4244: 'argument' : conversion from 'double' to 'float', possible loss of data
         Explode.cpp
     1>..\src\Explode.cpp(25): warning C4244: 'argument' : conversion from 'int' to 'float', possible loss of data
     1>..\src\Explode.cpp(25): warning C4244: 'argument' : conversion from 'int' to 'float', possible loss of data
     1>..\src\Explode.cpp(27): warning C4244: 'argument' : conversion from 'int' to 'float', possible loss of data
     1>..\src\Explode.cpp(27): warning C4244: 'argument' : conversion from 'int' to 'float', possible loss of data
     1>..\src\Explode.cpp(29): warning C4244: 'argument' : conversion from 'int' to 'float', possible loss of data
     1>..\src\Explode.cpp(29): warning C4244: 'argument' : conversion from 'int' to 'float', possible loss of data
     1>..\src\Explode.cpp(31): warning C4244: 'argument' : conversion from 'int' to 'float', possible loss of data
     1>..\src\Explode.cpp(31): warning C4244: 'argument' : conversion from 'int' to 'float', possible loss of data
     1>..\src\Explode.cpp(33): warning C4244: 'argument' : conversion from 'int' to 'float', possible loss of data
     1>..\src\Explode.cpp(33): warning C4244: 'argument' : conversion from 'int' to 'float', possible loss of data
     1>..\src\Explode.cpp(35): warning C4244: 'argument' : conversion from 'int' to 'float', possible loss of data
     1>..\src\Explode.cpp(35): warning C4244: 'argument' : conversion from 'int' to 'float', possible loss of data
         EnemyShip7.cpp
     1>c:\users\john tan\desktop\finalproject\include\PlayerGun.hpp(31): warning C4018: '<' : signed/unsigned mismatch
     1>..\src\EnemyShip7.cpp(31): warning C4244: 'initializing' : conversion from 'float' to 'int', possible loss of data
     1>..\src\EnemyShip7.cpp(40): warning C4018: '<' : signed/unsigned mismatch
     1>..\src\EnemyShip7.cpp(49): warning C4244: 'argument' : conversion from 'int' to 'float', possible loss of data
     1>..\src\EnemyShip7.cpp(49): warning C4244: 'argument' : conversion from 'int' to 'float', possible loss of data
     1>..\src\EnemyShip7.cpp(50): warning C4018: '<' : signed/unsigned mismatch
         EnemyShip6.cpp
     1>c:\users\john tan\desktop\finalproject\include\PlayerGun.hpp(31): warning C4018: '<' : signed/unsigned mismatch
     1>..\src\EnemyShip6.cpp(20): warning C4244: 'argument' : conversion from 'double' to 'float', possible loss of data
     1>..\src\EnemyShip6.cpp(20): warning C4244: 'argument' : conversion from 'double' to 'float', possible loss of data
     1>..\src\EnemyShip6.cpp(20): warning C4244: 'argument' : conversion from 'double' to 'float', possible loss of data
     1>..\src\EnemyShip6.cpp(20): warning C4244: 'argument' : conversion from 'double' to 'float', possible loss of data
     1>..\src\EnemyShip6.cpp(21): warning C4018: '<' : signed/unsigned mismatch
     1>..\src\EnemyShip6.cpp(44): warning C4244: 'initializing' : conversion from 'float' to 'int', possible loss of data
     1>..\src\EnemyShip6.cpp(53): warning C4018: '<' : signed/unsigned mismatch
     1>..\src\EnemyShip6.cpp(59): warning C4018: '<' : signed/unsigned mismatch
     1>..\src\EnemyShip6.cpp(111): warning C4244: 'argument' : conversion from 'double' to 'float', possible loss of data
     1>..\src\EnemyShip6.cpp(111): warning C4244: 'argument' : conversion from 'double' to 'float', possible loss of data
     1>..\src\EnemyShip6.cpp(112): warning C4018: '<' : signed/unsigned mismatch
         EnemyShip5.cpp
     1>c:\users\john tan\desktop\finalproject\include\PlayerGun.hpp(31): warning C4018: '<' : signed/unsigned mismatch
     1>..\src\EnemyShip5.cpp(29): warning C4244: 'argument' : conversion from 'double' to 'float', possible loss of data
     1>..\src\EnemyShip5.cpp(31): warning C4244: 'argument' : conversion from 'double' to 'float', possible loss of data
     1>..\src\EnemyShip5.cpp(40): warning C4018: '<' : signed/unsigned mismatch
     1>..\src\EnemyShip5.cpp(62): warning C4244: 'argument' : conversion from 'double' to 'float', possible loss of data
     1>..\src\EnemyShip5.cpp(62): warning C4244: 'argument' : conversion from 'double' to 'float', possible loss of data
         EnemyShip4.cpp
     1>c:\users\john tan\desktop\finalproject\include\PlayerGun.hpp(31): warning C4018: '<' : signed/unsigned mismatch
     1>..\src\EnemyShip4.cpp(18): warning C4018: '<' : signed/unsigned mismatch
     1>..\src\EnemyShip4.cpp(29): warning C4018: '<' : signed/unsigned mismatch
     1>..\src\EnemyShip4.cpp(52): warning C4244: 'argument' : conversion from 'double' to 'float', possible loss of data
     1>..\src\EnemyShip4.cpp(52): warning C4244: 'argument' : conversion from 'double' to 'float', possible loss of data
     1>..\src\EnemyShip4.cpp(53): warning C4018: '<' : signed/unsigned mismatch
     1>..\src\EnemyShip4.cpp(56): warning C4018: '<' : signed/unsigned mismatch
         EnemyShip3.cpp
     1>c:\users\john tan\desktop\finalproject\include\PlayerGun.hpp(31): warning C4018: '<' : signed/unsigned mismatch
     1>..\src\EnemyShip3.cpp(13): warning C4244: 'argument' : conversion from 'double' to 'float', possible loss of data
     1>..\src\EnemyShip3.cpp(13): warning C4244: 'argument' : conversion from 'double' to 'float', possible loss of data
     1>..\src\EnemyShip3.cpp(13): warning C4244: 'argument' : conversion from 'double' to 'float', possible loss of data
     1>..\src\EnemyShip3.cpp(13): warning C4244: 'argument' : conversion from 'double' to 'float', possible loss of data
     1>..\src\EnemyShip3.cpp(14): warning C4018: '<' : signed/unsigned mismatch
     1>..\src\EnemyShip3.cpp(25): warning C4018: '<' : signed/unsigned mismatch
     1>..\src\EnemyShip3.cpp(47): warning C4244: 'argument' : conversion from 'double' to 'float', possible loss of data
     1>..\src\EnemyShip3.cpp(47): warning C4244: 'argument' : conversion from 'double' to 'float', possible loss of data
     1>..\src\EnemyShip3.cpp(48): warning C4018: '<' : signed/unsigned mismatch
     1>..\src\EnemyShip3.cpp(51): warning C4018: '<' : signed/unsigned mismatch
         EnemyShip2.cpp
     1>c:\users\john tan\desktop\finalproject\include\PlayerGun.hpp(31): warning C4018: '<' : signed/unsigned mismatch
     1>..\src\EnemyShip2.cpp(17): warning C4244: 'argument' : conversion from 'double' to 'float', possible loss of data
     1>..\src\EnemyShip2.cpp(17): warning C4244: 'argument' : conversion from 'double' to 'float', possible loss of data
     1>..\src\EnemyShip2.cpp(17): warning C4244: 'argument' : conversion from 'double' to 'float', possible loss of data
     1>..\src\EnemyShip2.cpp(17): warning C4244: 'argument' : conversion from 'double' to 'float', possible loss of data
     1>..\src\EnemyShip2.cpp(24): warning C4018: '<' : signed/unsigned mismatch
     1>..\src\EnemyShip2.cpp(28): warning C4018: '<' : signed/unsigned mismatch
     1>..\src\EnemyShip2.cpp(49): warning C4244: 'argument' : conversion from 'double' to 'float', possible loss of data
     1>..\src\EnemyShip2.cpp(49): warning C4244: 'argument' : conversion from 'double' to 'float', possible loss of data
         EnemyShip1.cpp
     1>c:\users\john tan\desktop\finalproject\include\PlayerGun.hpp(31): warning C4018: '<' : signed/unsigned mismatch
     1>..\src\EnemyShip1.cpp(24): warning C4018: '<' : signed/unsigned mismatch
     1>..\src\EnemyShip1.cpp(28): warning C4018: '<' : signed/unsigned mismatch
     1>..\src\EnemyShip1.cpp(51): warning C4244: 'argument' : conversion from 'double' to 'float', possible loss of data
     1>..\src\EnemyShip1.cpp(51): warning C4244: 'argument' : conversion from 'double' to 'float', possible loss of data
         EnemyShip.cpp
     1>c:\users\john tan\desktop\finalproject\include\PlayerGun.hpp(31): warning C4018: '<' : signed/unsigned mismatch
     1>..\src\EnemyShip.cpp(22): warning C4244: 'argument' : conversion from 'double' to 'float', possible loss of data
     1>..\src\EnemyShip.cpp(22): warning C4244: 'argument' : conversion from 'double' to 'float', possible loss of data
     1>..\src\EnemyShip.cpp(22): warning C4244: 'argument' : conversion from 'double' to 'float', possible loss of data
     1>..\src\EnemyShip.cpp(22): warning C4244: 'argument' : conversion from 'double' to 'float', possible loss of data
     1>..\src\EnemyShip.cpp(26): warning C4018: '<' : signed/unsigned mismatch
     1>..\src\EnemyShip.cpp(44): warning C4244: 'initializing' : conversion from 'float' to 'int', possible loss of data
     1>..\src\EnemyShip.cpp(54): warning C4018: '<' : signed/unsigned mismatch
     1>..\src\EnemyShip.cpp(60): warning C4018: '<' : signed/unsigned mismatch
     1>..\src\EnemyShip.cpp(111): warning C4018: '<' : signed/unsigned mismatch
     1>..\src\EnemyShip.cpp(113): warning C4018: '<' : signed/unsigned mismatch
         EnemyGun.cpp
     1>c:\users\john tan\desktop\finalproject\include\PlayerGun.hpp(31): warning C4018: '<' : signed/unsigned mismatch
     1>..\src\EnemyGun.cpp(24): warning C4018: '<' : signed/unsigned mismatch
     1>..\src\EnemyGun.cpp(36): warning C4018: '<' : signed/unsigned mismatch
         EnemyBullet.cpp
     1>c:\users\john tan\desktop\finalproject\include\PlayerGun.hpp(31): warning C4018: '<' : signed/unsigned mismatch
     1>..\src\EnemyBullet.cpp(30): warning C4244: 'argument' : conversion from 'int' to 'float', possible loss of data
     1>..\src\EnemyBullet.cpp(30): warning C4244: 'argument' : conversion from 'int' to 'float', possible loss of data
     1>..\src\EnemyBullet.cpp(30): warning C4244: 'argument' : conversion from 'int' to 'float', possible loss of data
     1>..\src\EnemyBullet.cpp(30): warning C4244: 'argument' : conversion from 'int' to 'float', possible loss of data
         Generating Code...
       ResourceCompile:
         C:\Program Files (x86)\Microsoft SDKs\Windows\v7.0A\bin\rc.exe /D _UNICODE /D UNICODE /l"0x0409" /I..\..\cinder_0.8.3_vc2010\include /I..\include /nologo /fo"Debug\Resources.res" Resources.rc 
       ManifestResourceCompile:
         C:\Program Files (x86)\Microsoft SDKs\Windows\v7.0A\bin\rc.exe /nologo /fo"Debug\FinalProjectApp.exe.embed.manifest.res" Debug\FinalProjectApp_manifest.rc 
       Link:
         C:\Program Files (x86)\Microsoft Visual Studio 10.0\VC\bin\link.exe /ERRORREPORT:PROMPT /OUT:"C:\Users\John Tan\Desktop\FinalProject\vc10\Debug\FinalProjectApp.exe" /INCREMENTAL /NOLOGO /LIBPATH:c:\cinder_0.8.3_vc2010\lib /LIBPATH:c:\cinder_0.8.3_vc2010\lib\msw cinder_d.lib kernel32.lib user32.lib gdi32.lib winspool.lib comdlg32.lib advapi32.lib shell32.lib ole32.lib oleaut32.lib uuid.lib odbc32.lib odbccp32.lib /NODEFAULTLIB:LIBCMT /MANIFEST /ManifestFile:"Debug\FinalProjectApp.exe.intermediate.manifest" /MANIFESTUAC:"level='asInvoker' uiAccess='false'" /DEBUG /PDB:"C:\Users\John Tan\Desktop\FinalProject\vc10\Debug\FinalProjectApp.pdb" /SUBSYSTEM:WINDOWS /TLBID:1 /DYNAMICBASE:NO /IMPLIB:"C:\Users\John Tan\Desktop\FinalProject\vc10\Debug\FinalProjectApp.lib" /MACHINE:X86 Debug\Resources.res
         Debug\FinalProjectApp.exe.embed.manifest.res
         Debug\EnemyBullet.obj
         Debug\EnemyGun.obj
         Debug\EnemyShip.obj
         Debug\EnemyShip1.obj
         Debug\EnemyShip2.obj
         Debug\EnemyShip3.obj
         Debug\EnemyShip4.obj
         Debug\EnemyShip5.obj
         Debug\EnemyShip6.obj
         Debug\EnemyShip7.obj
         Debug\Explode.obj
         Debug\FinalProjectApp.obj
         Debug\MainScene.obj
         Debug\PlayerBullet.obj
         Debug\PlayerGun1.obj
         Debug\PlayerShip.obj
         Debug\SoundPlayer.obj
       Manifest:
         C:\Program Files (x86)\Microsoft SDKs\Windows\v7.0A\bin\mt.exe /nologo /verbose /out:"Debug\FinalProjectApp.exe.embed.manifest" /manifest Debug\FinalProjectApp.exe.intermediate.manifest
         All outputs are up-to-date.
       LinkEmbedManifest:
         All outputs are up-to-date.
         FinalProjectApp.vcxproj -> C:\Users\John Tan\Desktop\FinalProject\vc10\Debug\FinalProjectApp.exe
       FinalizeBuildStatus:
         Deleting file "Debug\FinalProjectApp.unsuccessfulbuild".
         Touching "Debug\FinalProjectApp.lastbuildstate".
     1>Done Building Project "C:\Users\John Tan\Desktop\FinalProject\vc10\FinalProjectApp.vcxproj" (build target(s)).

Build succeeded.

Time Elapsed 00:02:44.12
